<?xml version="1.0" encoding="UTF-8"?>
<!-- Generated by org.testng.reporters.JUnitReportReporter -->
<testsuite hostname="DESKTOP-FAIQAUP" failures="0" tests="44" name="runner.test_runner" time="71.530" errors="0" timestamp="2023-03-22T16:48:44 CDT" skipped="0">
  <testcase classname="runner.test_runner" name="runScenario" time="0.628"/>
  <system-out/>
  <testcase classname="runner.test_runner" name="runScenario" time="0.395"/>
  <system-out/>
  <testcase classname="runner.test_runner" name="runScenario" time="0.665"/>
  <system-out/>
  <testcase classname="runner.test_runner" name="runScenario" time="0.586"/>
  <system-out/>
  <testcase classname="runner.test_runner" name="runScenario" time="0.419"/>
  <system-out/>
  <testcase classname="runner.test_runner" name="runScenario" time="0.398"/>
  <system-out/>
  <testcase classname="runner.test_runner" name="runScenario" time="0.278"/>
  <system-out/>
  <testcase classname="runner.test_runner" name="runScenario" time="0.382"/>
  <system-out/>
  <testcase classname="runner.test_runner" name="runScenario" time="5.538"/>
  <system-out/>
  <testcase classname="runner.test_runner" name="runScenario" time="0.372"/>
  <system-out/>
  <testcase classname="runner.test_runner" name="runScenario" time="0.344"/>
  <system-out/>
  <testcase classname="runner.test_runner" name="runScenario" time="10.254"/>
  <system-out/>
  <testcase classname="runner.test_runner" name="runScenario" time="0.597"/>
  <system-out/>
  <testcase classname="runner.test_runner" name="runScenario" time="0.621"/>
  <system-out/>
  <testcase classname="runner.test_runner" name="runScenario" time="3.379"/>
  <system-out/>
  <testcase classname="runner.test_runner" name="runScenario" time="0.610"/>
  <system-out/>
  <testcase classname="runner.test_runner" name="runScenario" time="0.419"/>
  <system-out/>
  <testcase classname="runner.test_runner" name="runScenario" time="0.497"/>
  <system-out/>
  <testcase classname="runner.test_runner" name="runScenario" time="0.428"/>
  <system-out/>
  <testcase classname="runner.test_runner" name="runScenario" time="0.695"/>
  <system-out/>
  <testcase classname="runner.test_runner" name="runScenario" time="1.066"/>
  <system-out/>
  <testcase classname="runner.test_runner" name="runScenario" time="0.468"/>
  <system-out/>
  <testcase classname="runner.test_runner" name="runScenario" time="0.821"/>
  <system-out/>
  <testcase classname="runner.test_runner" name="runScenario" time="0.780"/>
  <system-out/>
  <testcase classname="runner.test_runner" name="runScenario" time="9.000"/>
  <system-out/>
  <testcase classname="runner.test_runner" name="runScenario" time="9.453"/>
  <system-out/>
  <testcase classname="runner.test_runner" name="runScenario" time="0.704"/>
  <system-out/>
  <testcase classname="runner.test_runner" name="runScenario" time="2.949"/>
  <system-out/>
  <testcase classname="runner.test_runner" name="runScenario" time="0.420"/>
  <system-out/>
  <testcase classname="runner.test_runner" name="runScenario" time="0.686"/>
  <system-out/>
  <testcase classname="runner.test_runner" name="runScenario" time="0.459"/>
  <system-out/>
  <testcase classname="runner.test_runner" name="runScenario" time="0.382"/>
  <system-out/>
  <testcase classname="runner.test_runner" name="runScenario" time="0.940"/>
  <system-out/>
  <testcase classname="runner.test_runner" name="runScenario" time="9.511"/>
  <system-out/>
  <testcase classname="runner.test_runner" name="runScenario" time="0.493"/>
  <system-out/>
  <testcase classname="runner.test_runner" name="runScenario" time="0.673"/>
  <system-out/>
  <testcase classname="runner.test_runner" name="runScenario" time="0.476"/>
  <system-out/>
  <testcase classname="runner.test_runner" name="runScenario" time="0.352"/>
  <system-out/>
  <testcase classname="runner.test_runner" name="runScenario" time="0.445"/>
  <system-out/>
  <testcase classname="runner.test_runner" name="runScenario" time="0.260"/>
  <system-out/>
  <testcase classname="runner.test_runner" name="runScenario" time="1.934"/>
  <system-out/>
  <testcase classname="runner.test_runner" name="runScenario" time="0.697"/>
  <system-out/>
  <testcase classname="runner.test_runner" name="runScenario" time="0.380"/>
  <system-out/>
  <testcase classname="runner.test_runner" name="runScenario" time="0.676"/>
  <system-out/>
</testsuite> <!-- runner.test_runner -->
