<?xml version="1.0" encoding="UTF-8"?>
<!-- Generated by org.testng.reporters.JUnitReportReporter -->
<testsuite hostname="DESKTOP-FAIQAUP" failures="0" tests="130" name="Runner.TestRunner" time="367.960" errors="0" timestamp="2023-04-03T22:35:46 CDT" skipped="0">
  <testcase classname="Runner.TestRunner" name="runScenario" time="10.235"/>
  <system-out/>
  <testcase classname="Runner.TestRunner" name="runScenario" time="0.630"/>
  <system-out/>
  <testcase classname="Runner.TestRunner" name="runScenario" time="0.587"/>
  <system-out/>
  <testcase classname="Runner.TestRunner" name="runScenario" time="0.694"/>
  <system-out/>
  <testcase classname="Runner.TestRunner" name="runScenario" time="0.518"/>
  <system-out/>
  <testcase classname="Runner.TestRunner" name="runScenario" time="0.807"/>
  <system-out/>
  <testcase classname="Runner.TestRunner" name="runScenario" time="11.754"/>
  <system-out/>
  <testcase classname="Runner.TestRunner" name="runScenario" time="1.424"/>
  <system-out/>
  <testcase classname="Runner.TestRunner" name="runScenario" time="11.619"/>
  <system-out/>
  <testcase classname="Runner.TestRunner" name="runScenario" time="0.616"/>
  <system-out/>
  <testcase classname="Runner.TestRunner" name="runScenario" time="0.441"/>
  <system-out/>
  <testcase classname="Runner.TestRunner" name="runScenario" time="0.504"/>
  <system-out/>
  <testcase classname="Runner.TestRunner" name="runScenario" time="0.632"/>
  <system-out/>
  <testcase classname="Runner.TestRunner" name="runScenario" time="0.894"/>
  <system-out/>
  <testcase classname="Runner.TestRunner" name="runScenario" time="13.061"/>
  <system-out/>
  <testcase classname="Runner.TestRunner" name="runScenario" time="0.536"/>
  <system-out/>
  <testcase classname="Runner.TestRunner" name="runScenario" time="0.742"/>
  <system-out/>
  <testcase classname="Runner.TestRunner" name="runScenario" time="0.959"/>
  <system-out/>
  <testcase classname="Runner.TestRunner" name="runScenario" time="1.468"/>
  <system-out/>
  <testcase classname="Runner.TestRunner" name="runScenario" time="0.699"/>
  <system-out/>
  <testcase classname="Runner.TestRunner" name="runScenario" time="11.590"/>
  <system-out/>
  <testcase classname="Runner.TestRunner" name="runScenario" time="0.707"/>
  <system-out/>
  <testcase classname="Runner.TestRunner" name="runScenario" time="1.767"/>
  <system-out/>
  <testcase classname="Runner.TestRunner" name="runScenario" time="14.566"/>
  <system-out/>
  <testcase classname="Runner.TestRunner" name="runScenario" time="0.507"/>
  <system-out/>
  <testcase classname="Runner.TestRunner" name="runScenario" time="1.160"/>
  <system-out/>
  <testcase classname="Runner.TestRunner" name="runScenario" time="0.733"/>
  <system-out/>
  <testcase classname="Runner.TestRunner" name="runScenario" time="5.258"/>
  <system-out/>
  <testcase classname="Runner.TestRunner" name="runScenario" time="0.816"/>
  <system-out/>
  <testcase classname="Runner.TestRunner" name="runScenario" time="0.507"/>
  <system-out/>
  <testcase classname="Runner.TestRunner" name="runScenario" time="0.768"/>
  <system-out/>
  <testcase classname="Runner.TestRunner" name="runScenario" time="1.413"/>
  <system-out/>
  <testcase classname="Runner.TestRunner" name="runScenario" time="0.857"/>
  <system-out/>
  <testcase classname="Runner.TestRunner" name="runScenario" time="5.075"/>
  <system-out/>
  <testcase classname="Runner.TestRunner" name="runScenario" time="0.545"/>
  <system-out/>
  <testcase classname="Runner.TestRunner" name="runScenario" time="0.792"/>
  <system-out/>
  <testcase classname="Runner.TestRunner" name="runScenario" time="0.627"/>
  <system-out/>
  <testcase classname="Runner.TestRunner" name="runScenario" time="0.818"/>
  <system-out/>
  <testcase classname="Runner.TestRunner" name="runScenario" time="5.025"/>
  <system-out/>
  <testcase classname="Runner.TestRunner" name="runScenario" time="0.506"/>
  <system-out/>
  <testcase classname="Runner.TestRunner" name="runScenario" time="0.957"/>
  <system-out/>
  <testcase classname="Runner.TestRunner" name="runScenario" time="0.554"/>
  <system-out/>
  <testcase classname="Runner.TestRunner" name="runScenario" time="5.997"/>
  <system-out/>
  <testcase classname="Runner.TestRunner" name="runScenario" time="0.719"/>
  <system-out/>
  <testcase classname="Runner.TestRunner" name="runScenario" time="0.495"/>
  <system-out/>
  <testcase classname="Runner.TestRunner" name="runScenario" time="0.470"/>
  <system-out/>
  <testcase classname="Runner.TestRunner" name="runScenario" time="1.063"/>
  <system-out/>
  <testcase classname="Runner.TestRunner" name="runScenario" time="3.458"/>
  <system-out/>
  <testcase classname="Runner.TestRunner" name="runScenario" time="0.621"/>
  <system-out/>
  <testcase classname="Runner.TestRunner" name="runScenario" time="2.059"/>
  <system-out/>
  <testcase classname="Runner.TestRunner" name="runScenario" time="0.532"/>
  <system-out/>
  <testcase classname="Runner.TestRunner" name="runScenario" time="0.599"/>
  <system-out/>
  <testcase classname="Runner.TestRunner" name="runScenario" time="6.037"/>
  <system-out/>
  <testcase classname="Runner.TestRunner" name="runScenario" time="6.190"/>
  <system-out/>
  <testcase classname="Runner.TestRunner" name="runScenario" time="5.172"/>
  <system-out/>
  <testcase classname="Runner.TestRunner" name="runScenario" time="5.735"/>
  <system-out/>
  <testcase classname="Runner.TestRunner" name="runScenario" time="14.538"/>
  <system-out/>
  <testcase classname="Runner.TestRunner" name="runScenario" time="6.543"/>
  <system-out/>
  <testcase classname="Runner.TestRunner" name="runScenario" time="1.403"/>
  <system-out/>
  <testcase classname="Runner.TestRunner" name="runScenario" time="0.355"/>
  <system-out/>
  <testcase classname="Runner.TestRunner" name="runScenario" time="6.324"/>
  <system-out/>
  <testcase classname="Runner.TestRunner" name="runScenario" time="8.481"/>
  <system-out/>
  <testcase classname="Runner.TestRunner" name="runScenario" time="6.398"/>
  <system-out/>
  <testcase classname="Runner.TestRunner" name="runScenario" time="11.523"/>
  <system-out/>
  <testcase classname="Runner.TestRunner" name="runScenario" time="0.746"/>
  <system-out/>
  <testcase classname="Runner.TestRunner" name="runScenario" time="0.897"/>
  <system-out/>
  <testcase classname="Runner.TestRunner" name="runScenario" time="0.759"/>
  <system-out/>
  <testcase classname="Runner.TestRunner" name="runScenario" time="0.755"/>
  <system-out/>
  <testcase classname="Runner.TestRunner" name="runScenario" time="1.537"/>
  <system-out/>
  <testcase classname="Runner.TestRunner" name="runScenario" time="6.832"/>
  <system-out/>
  <testcase classname="Runner.TestRunner" name="runScenario" time="0.529"/>
  <system-out/>
  <testcase classname="Runner.TestRunner" name="runScenario" time="0.884"/>
  <system-out/>
  <testcase classname="Runner.TestRunner" name="runScenario" time="0.472"/>
  <system-out/>
  <testcase classname="Runner.TestRunner" name="runScenario" time="0.495"/>
  <system-out/>
  <testcase classname="Runner.TestRunner" name="runScenario" time="0.752"/>
  <system-out/>
  <testcase classname="Runner.TestRunner" name="runScenario" time="3.558"/>
  <system-out/>
  <testcase classname="Runner.TestRunner" name="runScenario" time="1.082"/>
  <system-out/>
  <testcase classname="Runner.TestRunner" name="runScenario" time="1.447"/>
  <system-out/>
  <testcase classname="Runner.TestRunner" name="runScenario" time="1.454"/>
  <system-out/>
  <testcase classname="Runner.TestRunner" name="runScenario" time="5.409"/>
  <system-out/>
  <testcase classname="Runner.TestRunner" name="runScenario" time="0.466"/>
  <system-out/>
  <testcase classname="Runner.TestRunner" name="runScenario" time="11.011"/>
  <system-out/>
  <testcase classname="Runner.TestRunner" name="runScenario" time="0.809"/>
  <system-out/>
  <testcase classname="Runner.TestRunner" name="runScenario" time="6.742"/>
  <system-out/>
  <testcase classname="Runner.TestRunner" name="runScenario" time="1.530"/>
  <system-out/>
  <testcase classname="Runner.TestRunner" name="runScenario" time="0.746"/>
  <system-out/>
  <testcase classname="Runner.TestRunner" name="runScenario" time="0.714"/>
  <system-out/>
  <testcase classname="Runner.TestRunner" name="runScenario" time="1.523"/>
  <system-out/>
  <testcase classname="Runner.TestRunner" name="runScenario" time="4.973"/>
  <system-out/>
  <testcase classname="Runner.TestRunner" name="runScenario" time="0.382"/>
  <system-out/>
  <testcase classname="Runner.TestRunner" name="runScenario" time="0.669"/>
  <system-out/>
  <testcase classname="Runner.TestRunner" name="runScenario" time="6.183"/>
  <system-out/>
  <testcase classname="Runner.TestRunner" name="runScenario" time="0.558"/>
  <system-out/>
  <testcase classname="Runner.TestRunner" name="runScenario" time="0.818"/>
  <system-out/>
  <testcase classname="Runner.TestRunner" name="runScenario" time="0.812"/>
  <system-out/>
  <testcase classname="Runner.TestRunner" name="runScenario" time="6.787"/>
  <system-out/>
  <testcase classname="Runner.TestRunner" name="runScenario" time="0.554"/>
  <system-out/>
  <testcase classname="Runner.TestRunner" name="runScenario" time="5.572"/>
  <system-out/>
  <testcase classname="Runner.TestRunner" name="runScenario" time="1.474"/>
  <system-out/>
  <testcase classname="Runner.TestRunner" name="runScenario" time="1.422"/>
  <system-out/>
  <testcase classname="Runner.TestRunner" name="runScenario" time="0.656"/>
  <system-out/>
  <testcase classname="Runner.TestRunner" name="runScenario" time="1.429"/>
  <system-out/>
  <testcase classname="Runner.TestRunner" name="runScenario" time="1.902"/>
  <system-out/>
  <testcase classname="Runner.TestRunner" name="runScenario" time="1.418"/>
  <system-out/>
  <testcase classname="Runner.TestRunner" name="runScenario" time="4.134"/>
  <system-out/>
  <testcase classname="Runner.TestRunner" name="runScenario" time="6.600"/>
  <system-out/>
  <testcase classname="Runner.TestRunner" name="runScenario" time="1.104"/>
  <system-out/>
  <testcase classname="Runner.TestRunner" name="runScenario" time="0.716"/>
  <system-out/>
  <testcase classname="Runner.TestRunner" name="runScenario" time="0.581"/>
  <system-out/>
  <testcase classname="Runner.TestRunner" name="runScenario" time="0.557"/>
  <system-out/>
  <testcase classname="Runner.TestRunner" name="runScenario" time="0.670"/>
  <system-out/>
  <testcase classname="Runner.TestRunner" name="runScenario" time="11.354"/>
  <system-out/>
  <testcase classname="Runner.TestRunner" name="runScenario" time="0.904"/>
  <system-out/>
  <testcase classname="Runner.TestRunner" name="runScenario" time="6.496"/>
  <system-out/>
  <testcase classname="Runner.TestRunner" name="runScenario" time="0.796"/>
  <system-out/>
  <testcase classname="Runner.TestRunner" name="runScenario" time="0.862"/>
  <system-out/>
  <testcase classname="Runner.TestRunner" name="runScenario" time="0.675"/>
  <system-out/>
  <testcase classname="Runner.TestRunner" name="runScenario" time="0.791"/>
  <system-out/>
  <testcase classname="Runner.TestRunner" name="runScenario" time="13.556"/>
  <system-out/>
  <testcase classname="Runner.TestRunner" name="runScenario" time="1.699"/>
  <system-out/>
  <testcase classname="Runner.TestRunner" name="runScenario" time="4.992"/>
  <system-out/>
  <testcase classname="Runner.TestRunner" name="runScenario" time="0.817"/>
  <system-out/>
  <testcase classname="Runner.TestRunner" name="runScenario" time="5.960"/>
  <system-out/>
  <testcase classname="Runner.TestRunner" name="runScenario" time="5.090"/>
  <system-out/>
  <testcase classname="Runner.TestRunner" name="runScenario" time="0.705"/>
  <system-out/>
  <testcase classname="Runner.TestRunner" name="runScenario" time="0.782"/>
  <system-out/>
  <testcase classname="Runner.TestRunner" name="runScenario" time="0.455"/>
  <system-out/>
  <testcase classname="Runner.TestRunner" name="runScenario" time="0.422"/>
  <system-out/>
  <testcase classname="Runner.TestRunner" name="runScenario" time="0.529"/>
  <system-out/>
  <testcase classname="Runner.TestRunner" name="runScenario" time="0.875"/>
  <system-out/>
</testsuite> <!-- Runner.TestRunner -->
