<?xml version="1.0" encoding="UTF-8"?>
<!-- Generated by org.testng.reporters.JUnitReportReporter -->
<testsuite hostname="DESKTOP-FAIQAUP" failures="0" tests="44" name="runner.test_runner" time="81.294" errors="0" timestamp="2023-03-23T18:06:06 CDT" skipped="0">
  <testcase classname="runner.test_runner" name="runScenario" time="0.423"/>
  <system-out/>
  <testcase classname="runner.test_runner" name="runScenario" time="13.069"/>
  <system-out/>
  <testcase classname="runner.test_runner" name="runScenario" time="0.489"/>
  <system-out/>
  <testcase classname="runner.test_runner" name="runScenario" time="0.539"/>
  <system-out/>
  <testcase classname="runner.test_runner" name="runScenario" time="0.726"/>
  <system-out/>
  <testcase classname="runner.test_runner" name="runScenario" time="0.380"/>
  <system-out/>
  <testcase classname="runner.test_runner" name="runScenario" time="0.561"/>
  <system-out/>
  <testcase classname="runner.test_runner" name="runScenario" time="0.966"/>
  <system-out/>
  <testcase classname="runner.test_runner" name="runScenario" time="0.748"/>
  <system-out/>
  <testcase classname="runner.test_runner" name="runScenario" time="1.138"/>
  <system-out/>
  <testcase classname="runner.test_runner" name="runScenario" time="0.709"/>
  <system-out/>
  <testcase classname="runner.test_runner" name="runScenario" time="1.187"/>
  <system-out/>
  <testcase classname="runner.test_runner" name="runScenario" time="0.533"/>
  <system-out/>
  <testcase classname="runner.test_runner" name="runScenario" time="0.438"/>
  <system-out/>
  <testcase classname="runner.test_runner" name="runScenario" time="9.685"/>
  <system-out/>
  <testcase classname="runner.test_runner" name="runScenario" time="0.422"/>
  <system-out/>
  <testcase classname="runner.test_runner" name="runScenario" time="0.445"/>
  <system-out/>
  <testcase classname="runner.test_runner" name="runScenario" time="5.589"/>
  <system-out/>
  <testcase classname="runner.test_runner" name="runScenario" time="3.476"/>
  <system-out/>
  <testcase classname="runner.test_runner" name="runScenario" time="0.558"/>
  <system-out/>
  <testcase classname="runner.test_runner" name="runScenario" time="0.603"/>
  <system-out/>
  <testcase classname="runner.test_runner" name="runScenario" time="1.032"/>
  <system-out/>
  <testcase classname="runner.test_runner" name="runScenario" time="0.430"/>
  <system-out/>
  <testcase classname="runner.test_runner" name="runScenario" time="0.755"/>
  <system-out/>
  <testcase classname="runner.test_runner" name="runScenario" time="4.727"/>
  <system-out/>
  <testcase classname="runner.test_runner" name="runScenario" time="1.480"/>
  <system-out/>
  <testcase classname="runner.test_runner" name="runScenario" time="11.206"/>
  <system-out/>
  <testcase classname="runner.test_runner" name="runScenario" time="0.494"/>
  <system-out/>
  <testcase classname="runner.test_runner" name="runScenario" time="0.462"/>
  <system-out/>
  <testcase classname="runner.test_runner" name="runScenario" time="0.646"/>
  <system-out/>
  <testcase classname="runner.test_runner" name="runScenario" time="10.838"/>
  <system-out/>
  <testcase classname="runner.test_runner" name="runScenario" time="0.591"/>
  <system-out/>
  <testcase classname="runner.test_runner" name="runScenario" time="0.437"/>
  <system-out/>
  <testcase classname="runner.test_runner" name="runScenario" time="0.501"/>
  <system-out/>
  <testcase classname="runner.test_runner" name="runScenario" time="0.286"/>
  <system-out/>
  <testcase classname="runner.test_runner" name="runScenario" time="0.763"/>
  <system-out/>
  <testcase classname="runner.test_runner" name="runScenario" time="0.313"/>
  <system-out/>
  <testcase classname="runner.test_runner" name="runScenario" time="0.772"/>
  <system-out/>
  <testcase classname="runner.test_runner" name="runScenario" time="0.424"/>
  <system-out/>
  <testcase classname="runner.test_runner" name="runScenario" time="0.494"/>
  <system-out/>
  <testcase classname="runner.test_runner" name="runScenario" time="0.537"/>
  <system-out/>
  <testcase classname="runner.test_runner" name="runScenario" time="0.532"/>
  <system-out/>
  <testcase classname="runner.test_runner" name="runScenario" time="0.532"/>
  <system-out/>
  <testcase classname="runner.test_runner" name="runScenario" time="0.358"/>
  <system-out/>
</testsuite> <!-- runner.test_runner -->
