<?xml version="1.0" encoding="UTF-8"?>
<!-- Generated by org.testng.reporters.JUnitReportReporter -->
<testsuite hostname="DESKTOP-FAIQAUP" failures="0" tests="1" name="StepDefinition.Base" time="0.934" errors="0" timestamp="2023-03-29T07:48:29 CDT" skipped="0">
  <testcase classname="StepDefinition.Base" name="alertScreenShot" time="0.934"/>
  <system-out/>
</testsuite> <!-- StepDefinition.Base -->
