<?xml version="1.0" encoding="UTF-8"?>
<!-- Generated by org.testng.reporters.JUnitReportReporter -->
<testsuite hostname="DESKTOP-FAIQAUP" failures="0" tests="44" name="runner.test_runner" time="71.210" errors="0" timestamp="2023-03-23T16:35:27 CDT" skipped="0">
  <testcase classname="runner.test_runner" name="runScenario" time="0.488"/>
  <system-out/>
  <testcase classname="runner.test_runner" name="runScenario" time="0.425"/>
  <system-out/>
  <testcase classname="runner.test_runner" name="runScenario" time="0.498"/>
  <system-out/>
  <testcase classname="runner.test_runner" name="runScenario" time="0.501"/>
  <system-out/>
  <testcase classname="runner.test_runner" name="runScenario" time="0.478"/>
  <system-out/>
  <testcase classname="runner.test_runner" name="runScenario" time="0.448"/>
  <system-out/>
  <testcase classname="runner.test_runner" name="runScenario" time="0.300"/>
  <system-out/>
  <testcase classname="runner.test_runner" name="runScenario" time="0.557"/>
  <system-out/>
  <testcase classname="runner.test_runner" name="runScenario" time="5.502"/>
  <system-out/>
  <testcase classname="runner.test_runner" name="runScenario" time="0.387"/>
  <system-out/>
  <testcase classname="runner.test_runner" name="runScenario" time="0.346"/>
  <system-out/>
  <testcase classname="runner.test_runner" name="runScenario" time="9.947"/>
  <system-out/>
  <testcase classname="runner.test_runner" name="runScenario" time="0.545"/>
  <system-out/>
  <testcase classname="runner.test_runner" name="runScenario" time="0.663"/>
  <system-out/>
  <testcase classname="runner.test_runner" name="runScenario" time="3.367"/>
  <system-out/>
  <testcase classname="runner.test_runner" name="runScenario" time="0.495"/>
  <system-out/>
  <testcase classname="runner.test_runner" name="runScenario" time="0.407"/>
  <system-out/>
  <testcase classname="runner.test_runner" name="runScenario" time="0.537"/>
  <system-out/>
  <testcase classname="runner.test_runner" name="runScenario" time="0.415"/>
  <system-out/>
  <testcase classname="runner.test_runner" name="runScenario" time="0.685"/>
  <system-out/>
  <testcase classname="runner.test_runner" name="runScenario" time="0.939"/>
  <system-out/>
  <testcase classname="runner.test_runner" name="runScenario" time="0.545"/>
  <system-out/>
  <testcase classname="runner.test_runner" name="runScenario" time="1.104"/>
  <system-out/>
  <testcase classname="runner.test_runner" name="runScenario" time="0.687"/>
  <system-out/>
  <testcase classname="runner.test_runner" name="runScenario" time="9.008"/>
  <system-out/>
  <testcase classname="runner.test_runner" name="runScenario" time="9.011"/>
  <system-out/>
  <testcase classname="runner.test_runner" name="runScenario" time="1.313"/>
  <system-out/>
  <testcase classname="runner.test_runner" name="runScenario" time="3.885"/>
  <system-out/>
  <testcase classname="runner.test_runner" name="runScenario" time="0.437"/>
  <system-out/>
  <testcase classname="runner.test_runner" name="runScenario" time="1.062"/>
  <system-out/>
  <testcase classname="runner.test_runner" name="runScenario" time="0.452"/>
  <system-out/>
  <testcase classname="runner.test_runner" name="runScenario" time="0.391"/>
  <system-out/>
  <testcase classname="runner.test_runner" name="runScenario" time="0.685"/>
  <system-out/>
  <testcase classname="runner.test_runner" name="runScenario" time="9.033"/>
  <system-out/>
  <testcase classname="runner.test_runner" name="runScenario" time="0.422"/>
  <system-out/>
  <testcase classname="runner.test_runner" name="runScenario" time="1.040"/>
  <system-out/>
  <testcase classname="runner.test_runner" name="runScenario" time="0.484"/>
  <system-out/>
  <testcase classname="runner.test_runner" name="runScenario" time="0.329"/>
  <system-out/>
  <testcase classname="runner.test_runner" name="runScenario" time="0.420"/>
  <system-out/>
  <testcase classname="runner.test_runner" name="runScenario" time="0.250"/>
  <system-out/>
  <testcase classname="runner.test_runner" name="runScenario" time="0.996"/>
  <system-out/>
  <testcase classname="runner.test_runner" name="runScenario" time="0.729"/>
  <system-out/>
  <testcase classname="runner.test_runner" name="runScenario" time="0.447"/>
  <system-out/>
  <testcase classname="runner.test_runner" name="runScenario" time="0.550"/>
  <system-out/>
</testsuite> <!-- runner.test_runner -->
